<?xml version="1.0" encoding="UTF-8"?>
<!-- Generated by org.testng.reporters.JUnitReportReporter -->
<testsuite hostname="GBALAKRISHNA0L" name="com.everyone.counts.sample.InterviewTest" tests="4" failures="0" timestamp="19 Jan 2016 21:48:25 GMT" time="18.204" errors="0">
  <testcase name="readCSVCalculate" time="5.351" classname="com.everyone.counts.sample.InterviewTest"/>
  <testcase name="readCSVCalculate" time="4.137" classname="com.everyone.counts.sample.InterviewTest"/>
  <testcase name="readCSVCalculate" time="4.428" classname="com.everyone.counts.sample.InterviewTest"/>
  <testcase name="readCSVCalculate" time="4.288" classname="com.everyone.counts.sample.InterviewTest"/>
</testsuite> <!-- com.everyone.counts.sample.InterviewTest -->
